2023.05.11 10:38:29 INFO  Started: Metals version 0.11.12 in workspace '/home/fabian/git/fabianboesiger.github.io' for client Visual Studio Code 1.78.0.
Mai 11, 2023 10:38:29 AM org.flywaydb.core.internal.license.VersionPrinter printVersionOnly
INFORMATION: Flyway Community Edition 9.16.3 by Redgate
Mai 11, 2023 10:38:29 AM org.flywaydb.core.internal.license.VersionPrinter printVersion
INFORMATION: See release notes here: https://rd.gt/416ObMi
Mai 11, 2023 10:38:29 AM org.flywaydb.core.internal.license.VersionPrinter printVersion
INFORMATION: 
Mai 11, 2023 10:38:30 AM org.flywaydb.core.internal.database.base.BaseDatabaseType createDatabase
INFORMATION: Database: jdbc:h2:file:/home/fabian/git/fabianboesiger.github.io/.metals/metals (H2 2.1)
Mai 11, 2023 10:38:30 AM org.flywaydb.core.internal.schemahistory.JdbcTableSchemaHistory allAppliedMigrations
INFORMATION: Schema history table "PUBLIC"."flyway_schema_history" does not exist yet
Mai 11, 2023 10:38:30 AM org.flywaydb.core.internal.command.DbValidate validate
INFORMATION: Successfully validated 4 migrations (execution time 00:00.018s)
Mai 11, 2023 10:38:30 AM org.flywaydb.core.internal.schemahistory.JdbcTableSchemaHistory create
INFORMATION: Creating Schema History table "PUBLIC"."flyway_schema_history" ...
Mai 11, 2023 10:38:30 AM org.flywaydb.core.internal.command.DbMigrate migrateGroup
INFORMATION: Current version of schema "PUBLIC": << Empty Schema >>
Mai 11, 2023 10:38:30 AM org.flywaydb.core.internal.command.DbMigrate doMigrateGroup
INFORMATION: Migrating schema "PUBLIC" to version "1 - Create tables"
Mai 11, 2023 10:38:30 AM org.flywaydb.core.internal.command.DbMigrate doMigrateGroup
INFORMATION: Migrating schema "PUBLIC" to version "2 - Server discovery"
Mai 11, 2023 10:38:30 AM org.flywaydb.core.internal.command.DbMigrate doMigrateGroup
INFORMATION: Migrating schema "PUBLIC" to version "3 - Jar symbols"
Mai 11, 2023 10:38:30 AM org.flywaydb.core.internal.command.DbMigrate doMigrateGroup
INFORMATION: Migrating schema "PUBLIC" to version "4 - Fingerprints"
Mai 11, 2023 10:38:30 AM org.flywaydb.core.internal.command.DbMigrate logSummary
INFORMATION: Successfully applied 4 migrations to schema "PUBLIC", now at version v4 (execution time 00:00.073s)
2023.05.11 10:38:30 INFO  time: initialize in 0.62s
2023.05.11 10:38:32 WARN  Build server is not auto-connectable.
2023.05.11 10:38:32 WARN  no build tool detected in workspace '/home/fabian/git/fabianboesiger.github.io'. The most common cause for this problem is that the editor was opened in the wrong working directory, for example if you use sbt then the workspace directory should contain build.sbt. 
Mai 11, 2023 1:21:45 PM org.eclipse.lsp4j.jsonrpc.services.GenericEndpoint notify
INFORMATION: Unsupported notification method: $/setTrace
